2026-06-12 08:54:00.356 [debug] BackLinkHook: resolved 知识库/领域/世界杯2026/世界杯2026.md — 1 outbound links   
2026-06-12 08:54:17.356 [debug] BackLinkHook: resolved 知识库/领域/世界杯2026/世界杯2026.md — 2 outbound links   
2026-06-12 08:54:31.095 [debug] BackLinkHook: resolved 知识库/领域/世界杯2026/世界杯2026.md — 3 outbound links   
2026-06-12 08:54:31.125 [debug] BackLinkHook: resolved 知识库/领域/世界杯2026/分析模板.md — 2 outbound links   
2026-06-12 08:54:55.280 [debug] BackLinkHook: resolved 知识库/领域/世界杯2026/世界杯2026.md — 4 outbound links   
2026-06-12 08:54:55.280 [debug] BackLinkHook: resolved 知识库/领域/世界杯2026/赛程与结果.md — 1 outbound links   
2026-06-12 08:54:55.298 [debug] BackLinkHook: resolved 知识库/领域/世界杯2026/分析/2026-06-12-加拿大vs波黑.md — 1 outbound links   
2026-06-12 08:55:15.435 [debug] BackLinkHook: resolved 知识库/领域/世界杯2026/世界杯2026.md — 5 outbound links   
2026-06-12 08:55:15.435 [debug] BackLinkHook: resolved 知识库/领域/世界杯2026/赛程与结果.md — 2 outbound links   
2026-06-12 08:55:15.462 [debug] BackLinkHook: resolved 知识库/领域/世界杯2026/分析/2026-06-12-美国vs巴拉圭.md — 1 outbound links   
2026-06-12 08:56:31.981 [debug] BackLinkHook: resolved 知识库/领域/世界杯2026/世界杯2026.md — 6 outbound links   
2026-06-12 08:56:40.158 [debug] BackLinkHook: resolved 知识库/目录.md — 34 outbound links   
2026-06-12 08:56:45.402 [debug] BackLinkHook: resolved 知识库/变更记录.md — 40 outbound links   
2026-06-12 08:57:19.137 [debug] BackLinkHook: resolved 产出/并蒂星球-项目启动报告.md — 2 outbound links   
2026-06-12 09:00:05.902 [debug] BackLinkHook: resolved 产出/并蒂星球-多维论证报告.md — 1 outbound links   
2026-06-12 09:04:22.826 [debug] BackLinkHook: resolved 产出/并蒂星球-Phase0-执行手册.md — 2 outbound links   
2026-06-12 09:05:48.099 [debug] BackLinkHook: resolved 知识库/领域/世界杯2026/分析/2026-06-12-加拿大vs波黑.md — 0 outbound links   
2026-06-12 09:06:19.573 [debug] BackLinkHook: resolved 知识库/领域/世界杯2026/分析/2026-06-12-美国vs巴拉圭.md — 0 outbound links   
2026-06-12 09:06:34.302 [debug] BackLinkHook: resolved 知识库/领域/世界杯2026/世界杯2026.md — 7 outbound links   
2026-06-12 09:07:34.166 [debug] BackLinkHook: resolved 产出/并蒂星球-项目建设方案.md — 5 outbound links   
2026-06-12 09:13:34.302 [debug] BackLinkHook: resolved 知识库/项目/私活/并蒂星球/并蒂星球-项目建设方案.md — 6 outbound links   
2026-06-12 09:13:34.400 [debug] BackLinkHook: resolved 知识库/项目/私活/并蒂星球/并蒂星球-项目启动报告.md — 2 outbound links   
2026-06-12 09:13:34.405 [debug] BackLinkHook: removed deleted file 产出/并蒂星球-项目建设方案.md   
2026-06-12 09:13:34.507 [debug] BackLinkHook: removed deleted file 产出/并蒂星球-项目启动报告.md   
2026-06-12 09:13:34.593 [debug] BackLinkHook: resolved 知识库/项目/私活/并蒂星球/并蒂星球-Phase0-执行手册.md — 1 outbound links   
2026-06-12 09:13:34.628 [debug] BackLinkHook: removed deleted file 产出/并蒂星球-多维论证报告.md   
2026-06-12 09:13:34.747 [debug] BackLinkHook: removed deleted file 产出/并蒂星球-Phase0-执行手册.md   
2026-06-12 09:13:49.994 [debug] BackLinkHook: resolved 知识库/项目/私活/并蒂星球/并蒂星球.md — 4 outbound links   
2026-06-12 09:18:30.783 [debug] BackLinkHook: resolved 知识库/项目/私活/并蒂星球/并蒂星球-特色功能论证报告.md — 2 outbound links   
2026-06-12 09:18:50.187 [debug] BackLinkHook: resolved 知识库/项目/私活/并蒂星球/并蒂星球.md — 5 outbound links   
2026-06-12 09:19:04.083 [debug] BackLinkHook: resolved 知识库/领域/世界杯2026/世界杯2026.md — 8 outbound links   
2026-06-12 10:19:17.754 [debug] BackLinkHook: resolved 知识库/项目/私活/并蒂星球/并蒂星球-六角色特色功能论证.md — 3 outbound links   
2026-06-12 10:19:27.652 [debug] BackLinkHook: resolved 知识库/项目/私活/并蒂星球/并蒂星球.md — 6 outbound links   
2026-06-12 10:22:50.782 [debug] BackLinkHook: resolved 知识库/项目/私活/并蒂星球/并蒂星球-项目建设方案.md — 7 outbound links   
2026-06-12 10:22:59.081 [debug] BackLinkHook: resolved 知识库/项目/私活/并蒂星球/并蒂星球-项目建设方案.md — 6 outbound links   
2026-06-12 10:28:47.257 [debug] BackLinkHook: resolved 知识库/项目/私活/并蒂星球/并蒂星球-十角色终局论证.md — 2 outbound links   
2026-06-12 10:28:58.169 [debug] BackLinkHook: resolved 知识库/项目/私活/并蒂星球/并蒂星球.md — 7 outbound links   
2026-06-12 10:33:50.343 [debug] BackLinkHook: resolved 知识库/项目/私活/并蒂星球/并蒂星球-项目建设方案.md — 7 outbound links   
2026-06-12 11:13:07.215 [debug] BackLinkHook: resolved twin-planet/twin-planet-miniapp/node_modules/vary/README.md — 1 outbound links   
2026-06-12 11:13:11.821 [debug] BackLinkHook: resolved twin-planet/twin-planet-miniapp/node_modules/vary/README.md — 1 outbound links   
2026-06-12 11:13:12.896 [debug] BackLinkHook: resolved twin-planet/twin-planet-miniapp/node_modules/vary/README.md — 1 outbound links   
2026-06-12 11:13:13.909 [debug] BackLinkHook: resolved twin-planet/twin-planet-miniapp/node_modules/vary/README.md — 1 outbound links   
2026-06-12 11:18:32.410 [debug] BackLinkHook: resolved twin-planet/twin-planet-miniapp/node_modules/send/node_modules/debug/README.md — 1 outbound links   
2026-06-12 11:18:32.447 [debug] BackLinkHook: resolved twin-planet/twin-planet-miniapp/node_modules/send/node_modules/encodeurl/README.md — 1 outbound links   
2026-06-12 11:18:32.509 [debug] BackLinkHook: resolved twin-planet/twin-planet-miniapp/node_modules/methods/README.md — 1 outbound links   
2026-06-12 11:18:32.530 [debug] BackLinkHook: resolved twin-planet/twin-planet-miniapp/node_modules/fresh/README.md — 1 outbound links   
2026-06-12 11:18:32.534 [debug] BackLinkHook: resolved twin-planet/twin-planet-miniapp/node_modules/etag/README.md — 1 outbound links   
2026-06-12 11:18:32.593 [debug] BackLinkHook: resolved twin-planet/twin-planet-miniapp/node_modules/exsolve/README.md — 1 outbound links   
2026-06-12 11:18:33.064 [debug] BackLinkHook: resolved twin-planet/twin-planet-miniapp/node_modules/encodeurl/README.md — 1 outbound links   
2026-06-12 11:18:33.139 [debug] BackLinkHook: resolved twin-planet/twin-planet-miniapp/node_modules/source-map/README.md — 1 outbound links   
2026-06-12 11:18:33.192 [debug] BackLinkHook: resolved twin-planet/twin-planet-miniapp/node_modules/js-tokens/README.md — 2 outbound links   
2026-06-12 11:18:33.410 [debug] BackLinkHook: resolved twin-planet/twin-planet-miniapp/node_modules/is-number/README.md — 1 outbound links   
2026-06-12 11:18:33.634 [debug] BackLinkHook: resolved twin-planet/twin-planet-miniapp/node_modules/forwarded/README.md — 1 outbound links   
2026-06-12 11:18:33.992 [debug] BackLinkHook: resolved twin-planet/twin-planet-miniapp/node_modules/braces/README.md — 3 outbound links   
2026-06-12 11:18:34.144 [debug] BackLinkHook: resolved twin-planet/twin-planet-miniapp/node_modules/http-errors/README.md — 1 outbound links   
2026-06-12 11:18:34.183 [debug] BackLinkHook: resolved twin-planet/twin-planet-miniapp/node_modules/content-type/README.md — 1 outbound links   
2026-06-12 11:18:34.197 [debug] BackLinkHook: resolved twin-planet/twin-planet-miniapp/node_modules/npm-run-path/readme.md — 1 outbound links   
2026-06-12 11:18:34.236 [debug] BackLinkHook: resolved twin-planet/twin-planet-miniapp/node_modules/unquote/README.md — 1 outbound links   
2026-06-12 11:18:34.382 [debug] BackLinkHook: resolved twin-planet/twin-planet-miniapp/node_modules/serve-static/node_modules/debug/README.md — 1 outbound links   
2026-06-12 11:18:34.414 [debug] BackLinkHook: resolved twin-planet/twin-planet-miniapp/node_modules/finalhandler/node_modules/debug/README.md — 1 outbound links   
2026-06-12 11:18:34.433 [debug] BackLinkHook: resolved twin-planet/twin-planet-miniapp/node_modules/body-parser/node_modules/debug/README.md — 1 outbound links   
2026-06-12 11:18:34.475 [debug] BackLinkHook: resolved twin-planet/twin-planet-miniapp/node_modules/regenerate/README.md — 1 outbound links   
2026-06-12 11:18:34.531 [debug] BackLinkHook: resolved twin-planet/twin-planet-miniapp/node_modules/content-disposition/README.md — 1 outbound links   
2026-06-12 11:18:34.669 [debug] BackLinkHook: resolved twin-planet/twin-planet-miniapp/node_modules/pngjs/README.md — 1 outbound links   
2026-06-12 11:18:34.947 [debug] BackLinkHook: resolved twin-planet/twin-planet-miniapp/node_modules/sax/LICENSE.md — 1 outbound links   
2026-06-12 11:18:35.058 [debug] BackLinkHook: resolved twin-planet/twin-planet-miniapp/node_modules/csstype/README.md — 1 outbound links   
2026-06-12 11:18:35.079 [debug] BackLinkHook: resolved twin-planet/twin-planet-miniapp/node_modules/readdirp/README.md — 2 outbound links   
2026-06-12 11:18:35.142 [debug] BackLinkHook: resolved twin-planet/twin-planet-miniapp/node_modules/human-signals/CHANGELOG.md — 1 outbound links   
2026-06-12 11:18:35.149 [debug] BackLinkHook: resolved twin-planet/twin-planet-miniapp/node_modules/human-signals/README.md — 2 outbound links   
2026-06-12 11:18:35.303 [debug] BackLinkHook: resolved twin-planet/twin-planet-miniapp/node_modules/lilconfig/readme.md — 1 outbound links   
2026-06-12 11:18:35.422 [debug] BackLinkHook: resolved twin-planet/twin-planet-miniapp/node_modules/@nodelib/fs.stat/README.md — 1 outbound links   
2026-06-12 11:18:35.465 [debug] BackLinkHook: resolved twin-planet/twin-planet-miniapp/node_modules/@nodelib/fs.scandir/README.md — 1 outbound links   
2026-06-12 11:18:35.465 [debug] BackLinkHook: resolved twin-planet/twin-planet-miniapp/node_modules/proxy-addr/README.md — 1 outbound links   
2026-06-12 11:18:35.549 [debug] BackLinkHook: resolved twin-planet/twin-planet-miniapp/node_modules/baseline-browser-mapping/README.md — 1 outbound links   
2026-06-12 11:18:35.606 [debug] BackLinkHook: resolved twin-planet/twin-planet-miniapp/node_modules/file-type/readme.md — 1 outbound links   
2026-06-12 11:18:35.664 [debug] BackLinkHook: resolved twin-planet/twin-planet-miniapp/node_modules/cross-spawn/README.md — 1 outbound links   
2026-06-12 11:18:35.664 [debug] BackLinkHook: resolved twin-planet/twin-planet-miniapp/node_modules/execa/readme.md — 1 outbound links   
2026-06-12 11:18:35.664 [debug] BackLinkHook: resolved twin-planet/twin-planet-miniapp/node_modules/fill-range/README.md — 2 outbound links   
2026-06-12 11:18:35.670 [debug] BackLinkHook: resolved twin-planet/twin-planet-miniapp/node_modules/is-glob/README.md — 1 outbound links   
2026-06-12 11:18:35.692 [debug] BackLinkHook: resolved twin-planet/twin-planet-miniapp/node_modules/color-convert/README.md — 2 outbound links   
2026-06-12 11:18:35.819 [debug] BackLinkHook: resolved twin-planet/twin-planet-miniapp/node_modules/tapable/README.md — 1 outbound links   
2026-06-12 11:18:35.830 [debug] BackLinkHook: resolved twin-planet/twin-planet-miniapp/node_modules/chokidar/README.md — 1 outbound links   
2026-06-12 11:18:36.026 [debug] BackLinkHook: resolved twin-planet/twin-planet-miniapp/node_modules/micromatch/README.md — 3 outbound links   
2026-06-12 11:18:36.180 [debug] BackLinkHook: resolved twin-planet/twin-planet-miniapp/node_modules/range-parser/README.md — 1 outbound links   
2026-06-12 11:18:36.506 [debug] BackLinkHook: resolved twin-planet/twin-planet-miniapp/node_modules/pixelmatch/README.md — 9 outbound links   
2026-06-12 11:18:36.518 [debug] BackLinkHook: resolved twin-planet/twin-planet-miniapp/node_modules/postcss-modules/README.md — 1 outbound links   
2026-06-12 11:18:36.655 [debug] BackLinkHook: resolved twin-planet/twin-planet-miniapp/node_modules/postcss-load-config/README.md — 1 outbound links   
2026-06-12 11:18:36.724 [debug] BackLinkHook: resolved twin-planet/twin-planet-miniapp/node_modules/negotiator/README.md — 1 outbound links   
2026-06-12 11:18:36.914 [debug] BackLinkHook: resolved twin-planet/twin-planet-miniapp/node_modules/@babel/helper-define-polyfill-provider/node_modules/debug/README.md — 1 outbound links   
2026-06-12 11:18:37.180 [debug] BackLinkHook: resolved twin-planet/twin-planet-miniapp/node_modules/lcid/readme.md — 1 outbound links   
2026-06-12 11:18:37.627 [debug] BackLinkHook: resolved twin-planet/twin-planet-miniapp/node_modules/chalk/readme.md — 1 outbound links   
2026-06-12 11:18:45.638 [debug] BackLinkHook: resolved twin-planet/twin-planet-miniapp/node_modules/nanoid/README.md — 1 outbound links   
2026-06-12 11:18:46.020 [debug] BackLinkHook: resolved twin-planet/twin-planet-miniapp/node_modules/cookie/README.md — 1 outbound links   
2026-06-12 11:18:46.542 [debug] BackLinkHook: resolved twin-planet/twin-planet-miniapp/node_modules/postcss-import/README.md — 2 outbound links   
2026-06-12 11:18:46.798 [debug] BackLinkHook: resolved twin-planet/twin-planet-miniapp/node_modules/fraction.js/README.md — 1 outbound links   
2026-06-12 11:18:46.899 [debug] BackLinkHook: resolved twin-planet/twin-planet-miniapp/node_modules/systemjs/README.md — 9 outbound links   
2026-06-12 11:18:47.167 [debug] BackLinkHook: resolved twin-planet/twin-planet-miniapp/node_modules/cac/README.md — 1 outbound links   
2026-06-12 11:18:47.200 [debug] BackLinkHook: resolved twin-planet/twin-planet-miniapp/node_modules/qrcode-reader/README.md — 2 outbound links   
2026-06-12 11:18:47.234 [debug] BackLinkHook: resolved twin-planet/twin-planet-miniapp/node_modules/unplugin/node_modules/picomatch/README.md — 3 outbound links   
2026-06-12 11:18:47.245 [debug] BackLinkHook: resolved twin-planet/twin-planet-miniapp/node_modules/body-parser/README.md — 2 outbound links   
2026-06-12 11:19:23.722 [debug] BackLinkHook: resolved twin-planet/twin-planet-miniapp/node_modules/qs/README.md — 1 outbound links   
2026-06-12 11:19:23.828 [debug] BackLinkHook: resolved twin-planet/twin-planet-miniapp/node_modules/@dcloudio/uni-stacktracey/lib/source-map/README.md — 1 outbound links   
2026-06-12 11:19:23.832 [debug] BackLinkHook: resolved twin-planet/twin-planet-miniapp/node_modules/debug/README.md — 1 outbound links   
2026-06-12 11:19:23.874 [debug] BackLinkHook: resolved twin-planet/twin-planet-miniapp/node_modules/es-module-lexer/README.md — 2 outbound links   
2026-06-12 11:19:23.911 [debug] BackLinkHook: resolved twin-planet/twin-planet-miniapp/node_modules/to-regex-range/README.md — 1 outbound links   
2026-06-12 11:19:23.949 [debug] BackLinkHook: resolved twin-planet/twin-planet-miniapp/node_modules/mime-types/README.md — 1 outbound links   
2026-06-12 11:19:32.003 [debug] BackLinkHook: resolved twin-planet/twin-planet-miniapp/node_modules/@nodelib/fs.walk/README.md — 1 outbound links   
2026-06-12 11:19:32.135 [debug] BackLinkHook: resolved twin-planet/twin-planet-miniapp/node_modules/ws/README.md — 2 outbound links   
2026-06-12 11:19:32.736 [debug] BackLinkHook: resolved twin-planet/twin-planet-miniapp/node_modules/@dcloudio/uni-cli-shared/lib/preprocess/README.md — 1 outbound links   
2026-06-12 11:19:32.929 [debug] BackLinkHook: resolved twin-planet/twin-planet-miniapp/node_modules/@vue/compiler-core/node_modules/entities/readme.md — 1 outbound links   
2026-06-12 11:19:32.993 [debug] BackLinkHook: resolved twin-planet/twin-planet-miniapp/node_modules/mime/README.md — 1 outbound links   
2026-06-12 11:38:55.376 [info] BackLinkHook: loaded — 203 backlink targets   
2026-06-12 11:39:03.395 [error] check new version failed  Error: Request failed, status 403 
2026-06-12 11:39:09.272 [debug] BackLinkHook: resolved twin-planet/twin-planet-miniapp/node_modules/binary-extensions/readme.md — 1 outbound links   
2026-06-12 11:39:23.999 [debug] BackLinkHook: resolved twin-planet/twin-planet-miniapp/node_modules/bytes/Readme.md — 1 outbound links   
2026-06-12 11:39:35.850 [debug] BackLinkHook: resolved twin-planet/twin-planet-miniapp/node_modules/cross-env/README.md — 1 outbound links   
2026-06-12 11:39:36.062 [debug] BackLinkHook: resolved twin-planet/twin-planet-miniapp/node_modules/depd/Readme.md — 1 outbound links   
2026-06-12 11:39:36.195 [debug] BackLinkHook: resolved twin-planet/twin-planet-miniapp/node_modules/entities/readme.md — 1 outbound links   
2026-06-12 11:39:36.308 [debug] BackLinkHook: resolved twin-planet/twin-planet-miniapp/node_modules/escalade/readme.md — 1 outbound links   
2026-06-12 11:39:49.690 [debug] BackLinkHook: resolved twin-planet/twin-planet-miniapp/node_modules/express/Readme.md — 4 outbound links   
2026-06-12 11:39:49.946 [debug] BackLinkHook: resolved twin-planet/twin-planet-miniapp/node_modules/fast-glob/README.md — 1 outbound links   
2026-06-12 11:39:50.013 [debug] BackLinkHook: resolved twin-planet/twin-planet-miniapp/node_modules/fastq/README.md — 1 outbound links   
2026-06-12 11:39:50.259 [debug] BackLinkHook: resolved twin-planet/twin-planet-miniapp/node_modules/finalhandler/README.md — 1 outbound links   
2026-06-12 11:39:51.234 [debug] BackLinkHook: resolved twin-planet/twin-planet-miniapp/node_modules/jsesc/README.md — 1 outbound links   
2026-06-12 11:39:51.317 [debug] BackLinkHook: resolved twin-planet/twin-planet-miniapp/node_modules/json5/README.md — 1 outbound links   
2026-06-12 11:39:51.350 [debug] BackLinkHook: resolved twin-planet/twin-planet-miniapp/node_modules/jsonfile/README.md — 1 outbound links   
2026-06-12 11:39:51.463 [debug] BackLinkHook: resolved twin-planet/twin-planet-miniapp/node_modules/load-bmfont/README.md — 1 outbound links   
2026-06-12 11:39:51.589 [debug] BackLinkHook: resolved twin-planet/twin-planet-miniapp/node_modules/media-typer/README.md — 1 outbound links   
2026-06-12 11:39:51.615 [debug] BackLinkHook: resolved twin-planet/twin-planet-miniapp/node_modules/merge-descriptors/README.md — 1 outbound links   
2026-06-12 11:39:51.918 [debug] BackLinkHook: resolved twin-planet/twin-planet-miniapp/node_modules/module-alias/README.md — 1 outbound links   
2026-06-12 11:39:51.964 [debug] BackLinkHook: resolved twin-planet/twin-planet-miniapp/node_modules/normalize-path/README.md — 1 outbound links   
2026-06-12 11:39:52.016 [debug] BackLinkHook: resolved twin-planet/twin-planet-miniapp/node_modules/on-finished/README.md — 1 outbound links   
2026-06-12 11:39:52.185 [debug] BackLinkHook: resolved twin-planet/twin-planet-miniapp/node_modules/parseurl/README.md — 1 outbound links   
2026-06-12 11:39:52.665 [debug] BackLinkHook: resolved twin-planet/twin-planet-miniapp/node_modules/picomatch/README.md — 3 outbound links   
2026-06-12 11:39:53.042 [debug] BackLinkHook: resolved twin-planet/twin-planet-miniapp/node_modules/postcss-selector-parser/API.md — 1 outbound links   
2026-06-12 11:39:53.272 [debug] BackLinkHook: resolved twin-planet/twin-planet-miniapp/node_modules/postcss-selector-parser/README.md — 1 outbound links   
2026-06-12 11:39:53.326 [debug] BackLinkHook: resolved twin-planet/twin-planet-miniapp/node_modules/quansync/README.md — 1 outbound links   
2026-06-12 11:39:53.545 [debug] BackLinkHook: resolved twin-planet/twin-planet-miniapp/node_modules/raw-body/README.md — 1 outbound links   
2026-06-12 11:39:53.725 [debug] BackLinkHook: resolved twin-planet/twin-planet-miniapp/node_modules/rollup/README.md — 1 outbound links   
2026-06-12 11:39:53.841 [debug] BackLinkHook: resolved twin-planet/twin-planet-miniapp/node_modules/safer-buffer/Porting-Buffer.md — 1 outbound links   
2026-06-12 11:39:53.916 [debug] BackLinkHook: resolved twin-planet/twin-planet-miniapp/node_modules/send/README.md — 1 outbound links   
2026-06-12 11:39:54.034 [debug] BackLinkHook: resolved twin-planet/twin-planet-miniapp/node_modules/serve-static/README.md — 1 outbound links   
2026-06-12 11:39:54.187 [debug] BackLinkHook: resolved twin-planet/twin-planet-miniapp/node_modules/source-map-js/README.md — 1 outbound links   
2026-06-12 11:39:54.360 [debug] BackLinkHook: resolved twin-planet/twin-planet-miniapp/node_modules/statuses/README.md — 1 outbound links   
2026-06-12 11:39:54.558 [debug] BackLinkHook: resolved twin-planet/twin-planet-miniapp/node_modules/terser/README.md — 2 outbound links   
2026-06-12 11:39:54.648 [debug] BackLinkHook: resolved twin-planet/twin-planet-miniapp/node_modules/toidentifier/README.md — 1 outbound links   
2026-06-12 11:39:54.685 [debug] BackLinkHook: resolved twin-planet/twin-planet-miniapp/node_modules/type-is/README.md — 1 outbound links   
2026-06-12 11:39:54.899 [debug] BackLinkHook: resolved twin-planet/twin-planet-miniapp/node_modules/unpipe/README.md — 1 outbound links   
2026-06-12 11:40:25.968 [debug] BackLinkHook: resolved twin-planet/twin-planet-miniapp/node_modules/@vitejs/plugin-legacy/README.md — 1 outbound links   
2026-06-12 11:40:26.216 [debug] BackLinkHook: resolved twin-planet/twin-planet-miniapp/node_modules/body-parser/node_modules/qs/README.md — 1 outbound links   
2026-06-12 11:40:26.272 [debug] BackLinkHook: resolved twin-planet/twin-planet-miniapp/node_modules/express/node_modules/debug/README.md — 1 outbound links   
2026-06-12 11:40:26.338 [debug] BackLinkHook: resolved twin-planet/twin-planet-miniapp/node_modules/finalhandler/node_modules/encodeurl/README.md — 1 outbound links   
2026-06-12 11:40:26.508 [debug] BackLinkHook: resolved twin-planet/twin-planet-miniapp/node_modules/postcss-modules-scope/node_modules/postcss-selector-parser/API.md — 1 outbound links   
2026-06-12 11:40:26.573 [debug] BackLinkHook: resolved twin-planet/twin-planet-miniapp/node_modules/postcss-modules-scope/node_modules/postcss-selector-parser/README.md — 1 outbound links   
2026-06-12 11:40:26.587 [debug] BackLinkHook: resolved twin-planet/twin-planet-miniapp/node_modules/postcss-modules-local-by-default/node_modules/postcss-selector-parser/API.md — 1 outbound links   
2026-06-12 11:40:28.459 [debug] BackLinkHook: resolved twin-planet/twin-planet-miniapp/node_modules/serve-static/node_modules/encodeurl/README.md — 1 outbound links   
2026-06-12 11:40:28.496 [debug] BackLinkHook: resolved twin-planet/twin-planet-miniapp/node_modules/serve-static/node_modules/send/README.md — 1 outbound links   
2026-06-12 11:40:43.326 [debug] BackLinkHook: removed deleted file twin-planet/twin-planet-miniapp/node_modules/accepts/README.md   
2026-06-12 11:40:43.372 [debug] BackLinkHook: removed deleted file twin-planet/twin-planet-miniapp/node_modules/address/LICENSE.txt   
2026-06-12 11:40:43.718 [debug] BackLinkHook: removed deleted file twin-planet/twin-planet-miniapp/node_modules/binary-extensions/binary-extensions.json   
2026-06-12 11:40:43.726 [debug] BackLinkHook: removed deleted file twin-planet/twin-planet-miniapp/node_modules/baseline-browser-mapping/README.md   
2026-06-12 11:40:43.819 [debug] BackLinkHook: removed deleted file twin-planet/twin-planet-miniapp/node_modules/body-parser/README.md   
2026-06-12 11:40:44.003 [debug] BackLinkHook: removed deleted file twin-planet/twin-planet-miniapp/node_modules/braces/README.md   
2026-06-12 11:40:44.196 [debug] BackLinkHook: removed deleted file twin-planet/twin-planet-miniapp/node_modules/bytes/Readme.md   
2026-06-12 11:40:44.236 [debug] BackLinkHook: removed deleted file twin-planet/twin-planet-miniapp/node_modules/cac/README.md   
2026-06-12 11:40:44.475 [debug] BackLinkHook: removed deleted file twin-planet/twin-planet-miniapp/node_modules/chalk/readme.md   
2026-06-12 11:40:44.552 [debug] BackLinkHook: removed deleted file twin-planet/twin-planet-miniapp/node_modules/chokidar/README.md   
2026-06-12 11:40:44.627 [debug] BackLinkHook: removed deleted file twin-planet/twin-planet-miniapp/node_modules/color-convert/conversions.js   
2026-06-12 11:40:44.653 [debug] BackLinkHook: removed deleted file twin-planet/twin-planet-miniapp/node_modules/color-convert/README.md   
2026-06-12 11:40:44.696 [debug] BackLinkHook: removed deleted file twin-planet/twin-planet-miniapp/node_modules/content-disposition/README.md   
2026-06-12 11:40:44.798 [debug] BackLinkHook: removed deleted file twin-planet/twin-planet-miniapp/node_modules/content-type/README.md   
2026-06-12 11:40:44.847 [debug] BackLinkHook: removed deleted file twin-planet/twin-planet-miniapp/node_modules/cookie/README.md   
2026-06-12 11:40:45.083 [debug] BackLinkHook: removed deleted file twin-planet/twin-planet-miniapp/node_modules/cross-env/README.md   
2026-06-12 11:40:45.110 [debug] BackLinkHook: removed deleted file twin-planet/twin-planet-miniapp/node_modules/cross-spawn/README.md   
2026-06-12 11:40:45.328 [debug] BackLinkHook: removed deleted file twin-planet/twin-planet-miniapp/node_modules/csstype/README.md   
2026-06-12 11:40:45.361 [debug] BackLinkHook: removed deleted file twin-planet/twin-planet-miniapp/node_modules/debug/README.md   
2026-06-12 11:40:45.488 [debug] BackLinkHook: removed deleted file twin-planet/twin-planet-miniapp/node_modules/depd/Readme.md   
2026-06-12 11:40:45.615 [debug] BackLinkHook: removed deleted file twin-planet/twin-planet-miniapp/node_modules/encodeurl/README.md   
2026-06-12 11:40:45.727 [debug] BackLinkHook: removed deleted file twin-planet/twin-planet-miniapp/node_modules/entities/readme.md   
2026-06-12 11:40:45.991 [debug] BackLinkHook: removed deleted file twin-planet/twin-planet-miniapp/node_modules/es-module-lexer/README.md   
2026-06-12 11:40:46.104 [debug] BackLinkHook: removed deleted file twin-planet/twin-planet-miniapp/node_modules/escalade/readme.md   
2026-06-12 11:40:46.207 [debug] BackLinkHook: removed deleted file twin-planet/twin-planet-miniapp/node_modules/etag/README.md   
2026-06-12 11:40:46.231 [debug] BackLinkHook: removed deleted file twin-planet/twin-planet-miniapp/node_modules/execa/readme.md   
2026-06-12 11:40:46.317 [debug] BackLinkHook: removed deleted file twin-planet/twin-planet-miniapp/node_modules/express/Readme.md   
2026-06-12 11:40:46.525 [debug] BackLinkHook: removed deleted file twin-planet/twin-planet-miniapp/node_modules/fast-glob/README.md   
2026-06-12 11:40:46.557 [debug] BackLinkHook: removed deleted file twin-planet/twin-planet-miniapp/node_modules/file-type/readme.md   
2026-06-12 11:40:46.592 [debug] BackLinkHook: removed deleted file twin-planet/twin-planet-miniapp/node_modules/fill-range/README.md   
2026-06-12 11:40:46.612 [debug] BackLinkHook: removed deleted file twin-planet/twin-planet-miniapp/node_modules/exsolve/README.md   
2026-06-12 11:40:46.672 [debug] BackLinkHook: removed deleted file twin-planet/twin-planet-miniapp/node_modules/fastq/README.md   
2026-06-12 11:40:46.721 [debug] BackLinkHook: removed deleted file twin-planet/twin-planet-miniapp/node_modules/finalhandler/README.md   
2026-06-12 11:40:46.830 [debug] BackLinkHook: removed deleted file twin-planet/twin-planet-miniapp/node_modules/fraction.js/README.md   
2026-06-12 11:40:46.860 [debug] BackLinkHook: removed deleted file twin-planet/twin-planet-miniapp/node_modules/forwarded/README.md   
2026-06-12 11:40:46.909 [debug] BackLinkHook: removed deleted file twin-planet/twin-planet-miniapp/node_modules/fresh/README.md   
2026-06-12 11:40:47.454 [debug] BackLinkHook: removed deleted file twin-planet/twin-planet-miniapp/node_modules/human-signals/CHANGELOG.md   
2026-06-12 11:40:47.481 [debug] BackLinkHook: removed deleted file twin-planet/twin-planet-miniapp/node_modules/human-signals/README.md   
2026-06-12 11:40:47.515 [debug] BackLinkHook: removed deleted file twin-planet/twin-planet-miniapp/node_modules/http-errors/README.md   
2026-06-12 11:40:47.911 [debug] BackLinkHook: removed deleted file twin-planet/twin-planet-miniapp/node_modules/is-glob/README.md   
2026-06-12 11:40:47.927 [debug] BackLinkHook: removed deleted file twin-planet/twin-planet-miniapp/node_modules/is-number/README.md   
2026-06-12 11:40:48.095 [debug] BackLinkHook: removed deleted file twin-planet/twin-planet-miniapp/node_modules/jsesc/README.md   
2026-06-12 11:40:48.113 [debug] BackLinkHook: removed deleted file twin-planet/twin-planet-miniapp/node_modules/json5/LICENSE.md   
2026-06-12 11:40:48.144 [debug] BackLinkHook: removed deleted file twin-planet/twin-planet-miniapp/node_modules/js-tokens/README.md   
2026-06-12 11:40:48.200 [debug] BackLinkHook: removed deleted file twin-planet/twin-planet-miniapp/node_modules/jsonfile/README.md   
2026-06-12 11:40:48.216 [debug] BackLinkHook: removed deleted file twin-planet/twin-planet-miniapp/node_modules/lcid/lcid.json   
2026-06-12 11:40:48.261 [debug] BackLinkHook: removed deleted file twin-planet/twin-planet-miniapp/node_modules/lilconfig/readme.md   
2026-06-12 11:40:48.293 [debug] BackLinkHook: removed deleted file twin-planet/twin-planet-miniapp/node_modules/load-bmfont/json-spec.md   
2026-06-12 11:40:48.539 [debug] BackLinkHook: removed deleted file twin-planet/twin-planet-miniapp/node_modules/media-typer/README.md   
2026-06-12 11:40:48.765 [debug] BackLinkHook: removed deleted file twin-planet/twin-planet-miniapp/node_modules/merge-descriptors/README.md   
2026-06-12 11:40:48.844 [debug] BackLinkHook: removed deleted file twin-planet/twin-planet-miniapp/node_modules/methods/README.md   
2026-06-12 11:40:48.854 [debug] BackLinkHook: removed deleted file twin-planet/twin-planet-miniapp/node_modules/micromatch/index.js   
2026-06-12 11:40:48.883 [debug] BackLinkHook: removed deleted file twin-planet/twin-planet-miniapp/node_modules/micromatch/README.md   
2026-06-12 11:40:48.929 [debug] BackLinkHook: removed deleted file twin-planet/twin-planet-miniapp/node_modules/mime/README.md   
2026-06-12 11:40:48.997 [debug] BackLinkHook: removed deleted file twin-planet/twin-planet-miniapp/node_modules/mime-types/README.md   
2026-06-12 11:40:49.182 [debug] BackLinkHook: removed deleted file twin-planet/twin-planet-miniapp/node_modules/module-alias/README.md   
2026-06-12 11:40:49.221 [debug] BackLinkHook: removed deleted file twin-planet/twin-planet-miniapp/node_modules/ms/license.md   
2026-06-12 11:40:49.289 [debug] BackLinkHook: removed deleted file twin-planet/twin-planet-miniapp/node_modules/nanoid/README.md   
2026-06-12 11:40:49.412 [debug] BackLinkHook: removed deleted file twin-planet/twin-planet-miniapp/node_modules/npm-run-path/readme.md   
2026-06-12 11:40:49.982 [debug] BackLinkHook: removed deleted file twin-planet/twin-planet-miniapp/node_modules/picomatch/README.md   
2026-06-12 11:40:50.016 [debug] BackLinkHook: removed deleted file twin-planet/twin-planet-miniapp/node_modules/pixelmatch/README.md   
2026-06-12 11:40:55.264 [debug] BackLinkHook: removed deleted file twin-planet/twin-planet-miniapp/node_modules/pngjs/README.md   
2026-06-12 11:40:55.280 [debug] BackLinkHook: removed deleted file twin-planet/twin-planet-miniapp/node_modules/postcss-load-config/README.md   
2026-06-12 11:40:55.301 [debug] BackLinkHook: removed deleted file twin-planet/twin-planet-miniapp/node_modules/postcss-import/README.md   
2026-06-12 11:40:55.325 [debug] BackLinkHook: removed deleted file twin-planet/twin-planet-miniapp/node_modules/postcss-modules/README.md   
2026-06-12 11:40:55.376 [debug] BackLinkHook: removed deleted file twin-planet/twin-planet-miniapp/node_modules/postcss-selector-parser/API.md   
2026-06-12 11:40:55.484 [debug] BackLinkHook: removed deleted file twin-planet/twin-planet-miniapp/node_modules/qrcode-reader/CHANGELOG.md   
2026-06-12 11:40:55.501 [debug] BackLinkHook: removed deleted file twin-planet/twin-planet-miniapp/node_modules/qrcode-reader/README.md   
2026-06-12 11:40:55.559 [debug] BackLinkHook: removed deleted file twin-planet/twin-planet-miniapp/node_modules/qs/CHANGELOG.md   
2026-06-12 11:40:55.576 [debug] BackLinkHook: removed deleted file twin-planet/twin-planet-miniapp/node_modules/qs/README.md   
2026-06-12 11:40:55.581 [debug] BackLinkHook: removed deleted file twin-planet/twin-planet-miniapp/node_modules/quansync/LICENSE.md   
2026-06-12 11:40:55.693 [debug] BackLinkHook: removed deleted file twin-planet/twin-planet-miniapp/node_modules/readdirp/README.md   
2026-06-12 11:40:55.761 [debug] BackLinkHook: removed deleted file twin-planet/twin-planet-miniapp/node_modules/regenerate/README.md   
2026-06-12 11:40:56.039 [debug] BackLinkHook: removed deleted file twin-planet/twin-planet-miniapp/node_modules/rollup/README.md   
2026-06-12 11:40:56.065 [debug] BackLinkHook: removed deleted file twin-planet/twin-planet-miniapp/node_modules/sax/LICENSE.md   
2026-06-12 11:40:56.156 [debug] BackLinkHook: removed deleted file twin-planet/twin-planet-miniapp/node_modules/safer-buffer/Porting-Buffer.md   
2026-06-12 11:40:56.205 [debug] BackLinkHook: removed deleted file twin-planet/twin-planet-miniapp/node_modules/send/README.md   
2026-06-12 11:40:56.244 [debug] BackLinkHook: removed deleted file twin-planet/twin-planet-miniapp/node_modules/serve-static/README.md   
2026-06-12 11:40:56.582 [debug] BackLinkHook: removed deleted file twin-planet/twin-planet-miniapp/node_modules/source-map/README.md   
2026-06-12 11:40:56.625 [debug] BackLinkHook: removed deleted file twin-planet/twin-planet-miniapp/node_modules/source-map-js/README.md   
2026-06-12 11:40:56.901 [debug] BackLinkHook: removed deleted file twin-planet/twin-planet-miniapp/node_modules/tapable/README.md   
2026-06-12 11:40:56.918 [debug] BackLinkHook: removed deleted file twin-planet/twin-planet-miniapp/node_modules/systemjs/README.md   
2026-06-12 11:40:56.953 [debug] BackLinkHook: removed deleted file twin-planet/twin-planet-miniapp/node_modules/terser/README.md   
2026-06-12 11:40:57.821 [debug] BackLinkHook: removed deleted file twin-planet/twin-planet-miniapp/node_modules/ws/README.md   
2026-06-12 11:41:01.918 [debug] BackLinkHook: removed deleted file twin-planet/twin-planet-miniapp/node_modules/@nodelib/fs.scandir/README.md   
2026-06-12 11:41:01.944 [debug] BackLinkHook: removed deleted file twin-planet/twin-planet-miniapp/node_modules/@nodelib/fs.stat/README.md   
2026-06-12 11:41:01.975 [debug] BackLinkHook: removed deleted file twin-planet/twin-planet-miniapp/node_modules/@nodelib/fs.walk/README.md   
2026-06-12 11:41:02.173 [debug] BackLinkHook: removed deleted file twin-planet/twin-planet-miniapp/node_modules/@vitejs/plugin-legacy/README.md   
2026-06-12 11:41:34.744 [debug] BackLinkHook: removed deleted file twin-planet/twin-planet-miniapp/node_modules/body-parser/node_modules/debug/README.md   
2026-06-12 11:41:34.801 [debug] BackLinkHook: removed deleted file twin-planet/twin-planet-miniapp/node_modules/body-parser/node_modules/qs/README.md   
2026-06-12 11:42:03.428 [debug] BackLinkHook: removed deleted file twin-planet/twin-planet-miniapp/node_modules/express/node_modules/debug/README.md   
2026-06-12 11:42:05.301 [debug] BackLinkHook: removed deleted file twin-planet/twin-planet-miniapp/node_modules/finalhandler/node_modules/debug/README.md   
2026-06-12 11:42:06.016 [debug] BackLinkHook: removed deleted file twin-planet/twin-planet-miniapp/node_modules/postcss-modules-scope/node_modules/postcss-selector-parser/API.md   
2026-06-12 11:42:06.063 [debug] BackLinkHook: removed deleted file twin-planet/twin-planet-miniapp/node_modules/postcss-modules-local-by-default/node_modules/postcss-selector-parser/API.md   
2026-06-12 11:42:06.359 [debug] BackLinkHook: removed deleted file twin-planet/twin-planet-miniapp/node_modules/send/node_modules/debug/README.md   
2026-06-12 11:42:06.466 [debug] BackLinkHook: removed deleted file twin-planet/twin-planet-miniapp/node_modules/serve-static/node_modules/debug/README.md   
2026-06-12 11:42:06.799 [debug] BackLinkHook: removed deleted file twin-planet/twin-planet-miniapp/node_modules/unplugin/node_modules/picomatch/README.md   
2026-06-12 11:42:08.397 [debug] BackLinkHook: removed deleted file twin-planet/twin-planet-miniapp/node_modules/@dcloudio/uni-cli-shared/lib/preprocess/README.md   
2026-06-12 11:42:09.942 [debug] BackLinkHook: removed deleted file twin-planet/twin-planet-miniapp/node_modules/@dcloudio/uni-stacktracey/lib/source-map/README.md   
2026-06-12 11:42:10.667 [debug] BackLinkHook: removed deleted file twin-planet/twin-planet-miniapp/node_modules/@babel/helper-define-polyfill-provider/node_modules/debug/README.md   
2026-06-12 11:42:15.824 [debug] BackLinkHook: removed deleted file twin-planet/twin-planet-miniapp/node_modules/@vue/compiler-core/node_modules/entities/readme.md   
2026-06-12 14:28:42.247 [debug] BackLinkHook: renamed 知识库/项目/私活/并蒂星球/并蒂星球-项目建设方案.md → 知识库/项目/私活/并蒂星球/并蒂星球-项目建设方案.md   
2026-06-12 14:28:56.648 [debug] BackLinkHook: renamed 知识库/项目/私活/并蒂星球/并蒂星球-项目建设方案.md → 知识库/项目/私活/并蒂星球/design/并蒂星球-项目建设方案.md   
2026-06-12 14:29:04.190 [debug] BackLinkHook: renamed 知识库/项目/私活/并蒂星球/design/并蒂星球-项目建设方案.md → 知识库/项目/私活/并蒂星球/并蒂星球-项目建设方案.md   
2026-06-12 14:58:41.323 [debug] BackLinkHook: resolved 知识库/项目/私活/并蒂星球/并蒂星球-项目建设方案.md — 1 outbound links   
2026-06-12 15:11:36.021 [debug] BackLinkHook: resolved 知识库/项目/私活/并蒂星球/并蒂星球/并蒂星球-十角色终局论证.md — 2 outbound links   
2026-06-12 15:11:36.023 [debug] BackLinkHook: removed deleted file 知识库/项目/私活/并蒂星球/并蒂星球-Phase0-执行手册.md   
2026-06-12 15:11:36.027 [debug] BackLinkHook: removed deleted file 知识库/项目/私活/并蒂星球/并蒂星球-六角色特色功能论证.md   
2026-06-12 15:11:36.030 [debug] BackLinkHook: removed deleted file 知识库/项目/私活/并蒂星球/并蒂星球-多维论证报告.md   
2026-06-12 15:11:36.042 [debug] BackLinkHook: removed deleted file 知识库/项目/私活/并蒂星球/并蒂星球-十角色终局论证.md   
2026-06-12 15:11:36.048 [debug] BackLinkHook: removed deleted file 知识库/项目/私活/并蒂星球/并蒂星球-特色功能论证报告.md   
2026-06-12 15:11:36.053 [debug] BackLinkHook: removed deleted file 知识库/项目/私活/并蒂星球/并蒂星球-项目启动报告.md   
2026-06-12 15:11:36.057 [debug] BackLinkHook: removed deleted file 知识库/项目/私活/并蒂星球/并蒂星球.md   
2026-06-12 15:11:36.070 [debug] BackLinkHook: removed deleted file 知识库/项目/私活/并蒂星球/并蒂星球-项目建设方案.md   
2026-06-12 15:11:36.117 [debug] BackLinkHook: resolved 知识库/项目/私活/并蒂星球/并蒂星球/并蒂星球-六角色特色功能论证.md — 3 outbound links   
2026-06-12 15:11:36.129 [debug] BackLinkHook: resolved 知识库/项目/私活/并蒂星球/并蒂星球/并蒂星球-项目启动报告.md — 2 outbound links   
2026-06-12 15:11:36.262 [debug] BackLinkHook: resolved 知识库/项目/私活/并蒂星球/并蒂星球/并蒂星球-特色功能论证报告.md — 2 outbound links   
2026-06-12 15:11:36.278 [debug] BackLinkHook: resolved 知识库/项目/私活/并蒂星球/并蒂星球/并蒂星球-项目建设方案.md — 1 outbound links   
2026-06-12 15:11:36.288 [debug] BackLinkHook: resolved 知识库/项目/私活/并蒂星球/并蒂星球/并蒂星球.md — 7 outbound links   
2026-06-12 15:12:01.833 [debug] BackLinkHook: resolved 知识库/项目/私活/并蒂星球/并蒂星球.md — 7 outbound links   
2026-06-12 15:12:01.937 [debug] BackLinkHook: removed deleted file 知识库/项目/私活/并蒂星球/并蒂星球/并蒂星球.md   
2026-06-12 15:12:05.082 [debug] BackLinkHook: resolved 知识库/项目/私活/并蒂星球/并蒂星球-项目启动报告.md — 2 outbound links   
2026-06-12 15:12:05.171 [debug] BackLinkHook: removed deleted file 知识库/项目/私活/并蒂星球/并蒂星球/并蒂星球-项目启动报告.md   
2026-06-12 15:12:06.022 [debug] BackLinkHook: removed deleted file 知识库/项目/私活/并蒂星球/并蒂星球/并蒂星球-多维论证报告.md   
2026-06-12 15:12:06.938 [debug] BackLinkHook: removed deleted file 知识库/项目/私活/并蒂星球/并蒂星球/并蒂星球-Phase0-执行手册.md   
2026-06-12 15:12:07.809 [debug] BackLinkHook: resolved 知识库/项目/私活/并蒂星球/并蒂星球-六角色特色功能论证.md — 2 outbound links   
2026-06-12 15:12:07.887 [debug] BackLinkHook: removed deleted file 知识库/项目/私活/并蒂星球/并蒂星球/并蒂星球-六角色特色功能论证.md   
2026-06-12 15:12:08.777 [debug] BackLinkHook: resolved 知识库/项目/私活/并蒂星球/并蒂星球-十角色终局论证.md — 1 outbound links   
2026-06-12 15:12:08.881 [debug] BackLinkHook: removed deleted file 知识库/项目/私活/并蒂星球/并蒂星球/并蒂星球-十角色终局论证.md   
2026-06-12 15:12:09.759 [debug] BackLinkHook: resolved 知识库/项目/私活/并蒂星球/并蒂星球-特色功能论证报告.md — 1 outbound links   
2026-06-12 15:12:09.849 [debug] BackLinkHook: removed deleted file 知识库/项目/私活/并蒂星球/并蒂星球/并蒂星球-特色功能论证报告.md   
2026-06-12 15:12:10.698 [debug] BackLinkHook: resolved 知识库/项目/私活/并蒂星球/并蒂星球-项目建设方案.md — 1 outbound links   
2026-06-12 15:12:10.725 [debug] BackLinkHook: removed deleted file 知识库/项目/私活/并蒂星球/并蒂星球/并蒂星球-项目建设方案.md   
2026-06-12 15:12:44.990 [debug] BackLinkHook: resolved 知识库/项目/私活/并蒂星球/并蒂星球-六角色特色功能论证.md — 3 outbound links   
2026-06-12 15:12:45.046 [debug] BackLinkHook: resolved 知识库/项目/私活/并蒂星球/并蒂星球-十角色终局论证.md — 2 outbound links   
2026-06-12 15:12:45.127 [debug] BackLinkHook: resolved 知识库/项目/私活/并蒂星球/并蒂星球-特色功能论证报告.md — 2 outbound links   
2026-06-12 15:12:45.444 [debug] BackLinkHook: resolved 知识库/项目/私活/并蒂星球/并蒂星球.md — 7 outbound links   
2026-06-12 22:14:20.951 [info] BackLinkHook: loaded — 129 backlink targets   
